<?xml version="1.0" encoding="UTF-8"?>
<testng-results ignored="0" total="1" passed="0" failed="1" skipped="0">
  <reporter-output>
  </reporter-output>
  <suite started-at="2022-06-24T16:08:53 IST" name="Default suite" finished-at="2022-06-24T16:09:07 IST" duration-ms="14116">
    <groups>
      <group name="smokeTest">
        <method signature="CreateContactAndVerifyTest.createContactAndVerifyTest()[pri:0, instance:com.crm.createcontact.CreateContactAndVerifyTest@2805d709]" name="createContactAndVerifyTest" class="com.crm.createcontact.CreateContactAndVerifyTest"/>
      </group> <!-- smokeTest -->
    </groups>
    <test started-at="2022-06-24T16:08:53 IST" name="Default test" finished-at="2022-06-24T16:09:07 IST" duration-ms="14116">
      <class name="com.crm.createcontact.CreateContactAndVerifyTest">
        <test-method is-config="true" signature="dbConfig()[pri:0, instance:com.crm.createcontact.CreateContactAndVerifyTest@2805d709]" started-at="2022-06-24T16:08:53 IST" name="dbConfig" finished-at="2022-06-24T16:08:53 IST" duration-ms="6" status="PASS">
          <reporter-output>
          </reporter-output>
        </test-method> <!-- dbConfig -->
        <test-method is-config="true" signature="launchTheBrowser()[pri:0, instance:com.crm.createcontact.CreateContactAndVerifyTest@2805d709]" started-at="2022-06-24T16:08:53 IST" name="launchTheBrowser" finished-at="2022-06-24T16:08:56 IST" duration-ms="2761" status="PASS">
          <reporter-output>
          </reporter-output>
        </test-method> <!-- launchTheBrowser -->
        <test-method is-config="true" signature="loginToApplication()[pri:0, instance:com.crm.createcontact.CreateContactAndVerifyTest@2805d709]" started-at="2022-06-24T16:08:56 IST" name="loginToApplication" finished-at="2022-06-24T16:08:58 IST" duration-ms="1885" status="PASS">
          <reporter-output>
          </reporter-output>
        </test-method> <!-- loginToApplication -->
        <test-method signature="createContactAndVerifyTest()[pri:0, instance:com.crm.createcontact.CreateContactAndVerifyTest@2805d709]" started-at="2022-06-24T16:08:58 IST" name="createContactAndVerifyTest" finished-at="2022-06-24T16:09:05 IST" duration-ms="7203" status="FAIL">
          <exception class="java.lang.AssertionError">
            <message>
              <![CDATA[null]]>
            </message>
            <full-stacktrace>
              <![CDATA[java.lang.AssertionError: null
at org.testng.Assert.fail(Assert.java:99)
at org.testng.Assert.fail(Assert.java:106)
at com.crm.createcontact.CreateContactAndVerifyTest.createContactAndVerifyTest(CreateContactAndVerifyTest.java:45)
at java.base/jdk.internal.reflect.NativeMethodAccessorImpl.invoke0(Native Method)
at java.base/jdk.internal.reflect.NativeMethodAccessorImpl.invoke(NativeMethodAccessorImpl.java:78)
at java.base/jdk.internal.reflect.DelegatingMethodAccessorImpl.invoke(DelegatingMethodAccessorImpl.java:43)
at java.base/java.lang.reflect.Method.invoke(Method.java:567)
at org.testng.internal.MethodInvocationHelper.invokeMethod(MethodInvocationHelper.java:133)
at org.testng.internal.TestInvoker.invokeMethod(TestInvoker.java:598)
at org.testng.internal.TestInvoker.invokeTestMethod(TestInvoker.java:173)
at org.testng.internal.MethodRunner.runInSequence(MethodRunner.java:46)
at org.testng.internal.TestInvoker$MethodInvocationAgent.invoke(TestInvoker.java:824)
at org.testng.internal.TestInvoker.invokeTestMethods(TestInvoker.java:146)
at org.testng.internal.TestMethodWorker.invokeTestMethods(TestMethodWorker.java:146)
at org.testng.internal.TestMethodWorker.run(TestMethodWorker.java:128)
at java.base/java.util.ArrayList.forEach(ArrayList.java:1511)
at org.testng.TestRunner.privateRun(TestRunner.java:794)
at org.testng.TestRunner.run(TestRunner.java:596)
at org.testng.SuiteRunner.runTest(SuiteRunner.java:377)
at org.testng.SuiteRunner.runSequentially(SuiteRunner.java:371)
at org.testng.SuiteRunner.privateRun(SuiteRunner.java:332)
at org.testng.SuiteRunner.run(SuiteRunner.java:276)
at org.testng.SuiteRunnerWorker.runSuite(SuiteRunnerWorker.java:53)
at org.testng.SuiteRunnerWorker.run(SuiteRunnerWorker.java:96)
at org.testng.TestNG.runSuitesSequentially(TestNG.java:1212)
at org.testng.TestNG.runSuitesLocally(TestNG.java:1134)
at org.testng.TestNG.runSuites(TestNG.java:1063)
at org.testng.TestNG.run(TestNG.java:1031)
at org.testng.remote.AbstractRemoteTestNG.run(AbstractRemoteTestNG.java:115)
at org.testng.remote.RemoteTestNG.initAndRun(RemoteTestNG.java:251)
at org.testng.remote.RemoteTestNG.main(RemoteTestNG.java:77)
]]>
            </full-stacktrace>
          </exception> <!-- java.lang.AssertionError -->
          <reporter-output>
          </reporter-output>
        </test-method> <!-- createContactAndVerifyTest -->
        <test-method is-config="true" signature="signoutFromApplication()[pri:0, instance:com.crm.createcontact.CreateContactAndVerifyTest@2805d709]" started-at="2022-06-24T16:09:05 IST" name="signoutFromApplication" finished-at="2022-06-24T16:09:07 IST" duration-ms="1243" status="PASS">
          <reporter-output>
          </reporter-output>
        </test-method> <!-- signoutFromApplication -->
        <test-method is-config="true" signature="closeTheBrowser()[pri:0, instance:com.crm.createcontact.CreateContactAndVerifyTest@2805d709]" started-at="2022-06-24T16:09:07 IST" name="closeTheBrowser" finished-at="2022-06-24T16:09:07 IST" duration-ms="697" status="PASS">
          <reporter-output>
          </reporter-output>
        </test-method> <!-- closeTheBrowser -->
        <test-method is-config="true" signature="closeTheDB()[pri:0, instance:com.crm.createcontact.CreateContactAndVerifyTest@2805d709]" started-at="2022-06-24T16:09:08 IST" name="closeTheDB" finished-at="2022-06-24T16:09:08 IST" duration-ms="0" status="PASS">
          <reporter-output>
          </reporter-output>
        </test-method> <!-- closeTheDB -->
      </class> <!-- com.crm.createcontact.CreateContactAndVerifyTest -->
    </test> <!-- Default test -->
  </suite> <!-- Default suite -->
</testng-results>
